<?xml version="1.0" encoding="UTF-8"?>
<testsuite name="com.aor.refactoring.example5.TurtleTest" tests="3" skipped="0" failures="0" errors="0" timestamp="2020-04-02T20:34:40" hostname="DESKTOP-JVK809C" time="0.007">
  <properties/>
  <testcase name="testForward" classname="com.aor.refactoring.example5.TurtleTest" time="0.003"/>
  <testcase name="testRotateLeft" classname="com.aor.refactoring.example5.TurtleTest" time="0.001"/>
  <testcase name="testRotateRight" classname="com.aor.refactoring.example5.TurtleTest" time="0.001"/>
  <system-out><![CDATA[]]></system-out>
  <system-err><![CDATA[]]></system-err>
</testsuite>
