<?xml version="1.0" encoding="UTF-8"?>
<testsuite name="com.aor.refactoring.example6.TreeTest" tests="6" skipped="0" failures="0" errors="0" timestamp="2020-04-02T20:34:40" hostname="DESKTOP-JVK809C" time="0.045">
  <properties/>
  <testcase name="testTreeSetLocation" classname="com.aor.refactoring.example6.TreeTest" time="0.034"/>
  <testcase name="testToString" classname="com.aor.refactoring.example6.TreeTest" time="0.007"/>
  <testcase name="testAddAppraisal" classname="com.aor.refactoring.example6.TreeTest" time="0.001"/>
  <testcase name="testNextAppraisalNotOverdue" classname="com.aor.refactoring.example6.TreeTest" time="0.001"/>
  <testcase name="testTreeCreation" classname="com.aor.refactoring.example6.TreeTest" time="0.001"/>
  <testcase name="testNextAppraisalOverdue" classname="com.aor.refactoring.example6.TreeTest" time="0.0"/>
  <system-out><![CDATA[]]></system-out>
  <system-err><![CDATA[]]></system-err>
</testsuite>
