<?xml version="1.0" encoding="UTF-8"?>
<testsuite name="com.aor.numbers.ListDeduplicatorTest" tests="2" skipped="0" failures="0" errors="0" timestamp="2020-03-15T13:15:14" hostname="DESKTOP-JVK809C" time="0.005">
  <properties/>
  <testcase name="deduplicate" classname="com.aor.numbers.ListDeduplicatorTest" time="0.003"/>
  <testcase name="distinct_bug8726" classname="com.aor.numbers.ListDeduplicatorTest" time="0.002"/>
  <system-out><![CDATA[]]></system-out>
  <system-err><![CDATA[]]></system-err>
</testsuite>
