<?xml version="1.0" encoding="UTF-8"?>
<testsuite name="com.aor.numbers.ListSorterTest" tests="2" skipped="0" failures="0" errors="0" timestamp="2020-03-13T18:42:10" hostname="DESKTOP-JVK809C" time="0.001">
  <properties/>
  <testcase name="distinct_bug8726" classname="com.aor.numbers.ListSorterTest" time="0.0"/>
  <testcase name="sort" classname="com.aor.numbers.ListSorterTest" time="0.0"/>
  <system-out><![CDATA[]]></system-out>
  <system-err><![CDATA[]]></system-err>
</testsuite>
