<?xml version="1.0" encoding="UTF-8"?>
<testsuite name="com.aor.numbers.PositiveFilterTest" tests="2" skipped="0" failures="0" errors="0" timestamp="2020-03-15T13:15:14" hostname="DESKTOP-JVK809C" time="0.003">
  <properties/>
  <testcase name="positiveFilter1" classname="com.aor.numbers.PositiveFilterTest" time="0.002"/>
  <testcase name="positiveFilter2" classname="com.aor.numbers.PositiveFilterTest" time="0.001"/>
  <system-out><![CDATA[]]></system-out>
  <system-err><![CDATA[]]></system-err>
</testsuite>
