<?xml version="1.0" encoding="UTF-8"?>
<testsuite name="com.aor.numbers.DivisibleByFilterTest" tests="2" skipped="0" failures="0" errors="0" timestamp="2020-03-15T13:15:13" hostname="DESKTOP-JVK809C" time="0.007">
  <properties/>
  <testcase name="divisionFilter1" classname="com.aor.numbers.DivisibleByFilterTest" time="0.006"/>
  <testcase name="divisionFilter2" classname="com.aor.numbers.DivisibleByFilterTest" time="0.001"/>
  <system-out><![CDATA[]]></system-out>
  <system-err><![CDATA[]]></system-err>
</testsuite>
