<?xml version="1.0" encoding="UTF-8"?>
<testsuite name="StringDrinkTest" tests="7" skipped="0" failures="0" errors="0" timestamp="2020-03-26T18:59:55" hostname="DESKTOP-JVK809C" time="0.01">
  <properties/>
  <testcase name="stringReplacer" classname="StringDrinkTest" time="0.003"/>
  <testcase name="transformUndo" classname="StringDrinkTest" time="0.002"/>
  <testcase name="stringDrink" classname="StringDrinkTest" time="0.0"/>
  <testcase name="stringInverter" classname="StringDrinkTest" time="0.0"/>
  <testcase name="transformerGroup" classname="StringDrinkTest" time="0.001"/>
  <testcase name="stringRecipe" classname="StringDrinkTest" time="0.001"/>
  <testcase name="stringCaseChanger" classname="StringDrinkTest" time="0.0"/>
  <system-out><![CDATA[]]></system-out>
  <system-err><![CDATA[]]></system-err>
</testsuite>
